#
# There is insufficient memory for the Java Runtime Environment to continue.
# Native memory allocation (malloc) failed to allocate 1659376 bytes for Chunk::new
# Possible reasons:
#   The system is out of physical RAM or swap space
#   The process is running with CompressedOops enabled, and the Java Heap may be blocking the growth of the native heap
# Possible solutions:
#   Reduce memory load on the system
#   Increase physical memory or swap space
#   Check if swap backing store is full
#   Decrease Java heap size (-Xmx/-Xms)
#   Decrease number of Java threads
#   Decrease Java thread stack sizes (-Xss)
#   Set larger code cache with -XX:ReservedCodeCacheSize=
#   JVM is running with Zero Based Compressed Oops mode in which the Java heap is
#     placed in the first 32GB address space. The Java Heap base address is the
#     maximum limit for the native heap growth. Please use -XX:HeapBaseMinAddress
#     to set the Java Heap base and to place the Java Heap above 32GB virtual address.
# This output file may be truncated or incomplete.
#
#  Out of Memory Error (allocation.cpp:389), pid=2504, tid=0x0000000000001f88
#
# JRE version: OpenJDK Runtime Environment (8.0_242-b01) (build 1.8.0_242-release-1644-b01)
# Java VM: OpenJDK 64-Bit Server VM (25.242-b01 mixed mode windows-amd64 compressed oops)
# Failed to write core dump. Minidumps are not enabled by default on client versions of Windows
#

---------------  T H R E A D  ---------------

Current thread (0x0000000019daf000):  JavaThread "C2 CompilerThread1" daemon [_thread_in_native, id=8072, stack(0x000000001b610000,0x000000001b710000)]

Stack: [0x000000001b610000,0x000000001b710000]
[error occurred during error reporting (printing stack bounds), id 0xc0000005]

Native frames: (J=compiled Java code, j=interpreted, Vv=VM code, C=native code)


Current CompileTask:
C2:  22734 1114       4       org.gradle.internal.serialize.DefaultSerializerRegistry$TaggedTypeSerializer::read (69 bytes)


---------------  P R O C E S S  ---------------

Java Threads: ( => current thread )
  0x000000001c9af000 JavaThread "Forward input" [_thread_blocked, id=8896, stack(0x000000001e020000,0x000000001e120000)]
  0x000000001c97b800 JavaThread "DisconnectableInputStream source reader" daemon [_thread_in_native, id=3420, stack(0x000000001df20000,0x000000001e020000)]
  0x000000001c4d4000 JavaThread "pool-1-thread-1" [_thread_in_native, id=9916, stack(0x000000001d5e0000,0x000000001d6e0000)]
  0x0000000019dfc000 JavaThread "Service Thread" daemon [_thread_blocked, id=5604, stack(0x000000001bc10000,0x000000001bd10000)]
  0x0000000019db9000 JavaThread "C1 CompilerThread2" daemon [_thread_blocked, id=13436, stack(0x000000001b710000,0x000000001b810000)]
=>0x0000000019daf000 JavaThread "C2 CompilerThread1" daemon [_thread_in_native, id=8072, stack(0x000000001b610000,0x000000001b710000)]
  0x0000000019da7800 JavaThread "C2 CompilerThread0" daemon [_thread_in_native, id=11992, stack(0x000000001b510000,0x000000001b610000)]
  0x0000000019da6000 JavaThread "Attach Listener" daemon [_thread_blocked, id=8040, stack(0x000000001b410000,0x000000001b510000)]
  0x0000000019da5000 JavaThread "Signal Dispatcher" daemon [_thread_blocked, id=12340, stack(0x000000001b310000,0x000000001b410000)]
  0x0000000002d6d000 JavaThread "Finalizer" daemon [_thread_blocked, id=4468, stack(0x000000001b000000,0x000000001b100000)]
  0x0000000019d89000 JavaThread "Reference Handler" daemon [_thread_blocked, id=8104, stack(0x000000001af00000,0x000000001b000000)]
  0x0000000002c72800 JavaThread "main" [_thread_blocked, id=5748, stack(0x0000000002aa0000,0x0000000002ba0000)]

Other Threads:
  0x0000000019d66800 VMThread [stack: 0x000000001ae00000,0x000000001af00000] [id=9280]
  0x0000000019dfd000 WatcherThread [stack: 0x000000001bd10000,0x000000001be10000] [id=9392]

VM state:not at safepoint (normal execution)

VM Mutex/Monitor currently owned by a thread: None

heap address: 0x0000000702200000, size: 3038 MB, Compressed Oops mode: Zero based, Oop shift amount: 3
Narrow klass base: 0x0000000000000000, Narrow klass shift: 3
Compressed class space size: 1073741824 Address: 0x00000007c0000000

Heap:
 PSYoungGen      total 56832K, used 8294K [0x0000000780b80000, 0x0000000784a80000, 0x00000007c0000000)
  eden space 49152K, 3% used [0x0000000780b80000,0x0000000780d642f0,0x0000000783b80000)
  from space 7680K, 82% used [0x0000000783b80000,0x00000007841b5738,0x0000000784300000)
  to   space 7680K, 0% used [0x0000000784300000,0x0000000784300000,0x0000000784a80000)
 ParOldGen       total 130048K, used 16K [0x0000000702200000, 0x000000070a100000, 0x0000000780b80000)
  object space 130048K, 0% used [0x0000000702200000,0x0000000702204000,0x000000070a100000)
 Metaspace       used 10908K, capacity 11250K, committed 11648K, reserved 1058816K
  class space    used 1427K, capacity 1540K, committed 1664K, reserved 1048576K

Card table byte_map: [0x0000000012130000,0x0000000012720000] byte_map_base: 0x000000000e91f000

Marking Bits: (ParMarkBitMap*) 0x0000000063b4f030
 Begin Bits: [0x0000000012f20000, 0x0000000015e98000)
 End Bits:   [0x0000000015e98000, 0x0000000018e10000)

Polling page: 0x00000000029b0000

CodeCache: size=245760Kb used=3911Kb max_used=3923Kb free=241849Kb
 bounds [0x0000000002d70000, 0x0000000003150000, 0x0000000011d70000]
 total_blobs=1501 nmethods=1141 adapters=273
 compilation: enabled

Compilation events (10 events):
Event: 22.701 Thread 0x0000000019db9000 1142       3       java.util.zip.ZipFile$ZipFileInputStream::finalize (5 bytes)
Event: 22.701 Thread 0x0000000019db9000 nmethod 1142 0x000000000313a650 code [0x000000000313a7c0, 0x000000000313a948]
Event: 22.701 Thread 0x0000000019db9000 1141       3       java.util.zip.ZipFile$ZipFileInflaterInputStream::finalize (5 bytes)
Event: 22.701 Thread 0x0000000019db9000 nmethod 1141 0x000000000313a2d0 code [0x000000000313a440, 0x000000000313a5c8]
Event: 22.715 Thread 0x0000000019da7800 nmethod 1125 0x0000000003143a90 code [0x0000000003143c60, 0x0000000003144bf0]
Event: 22.715 Thread 0x0000000019da7800 1126   !   4       java.lang.Class::getEnumConstantsShared (73 bytes)
Event: 22.715 Thread 0x0000000019da7800 nmethod 1126 0x0000000003127290 code [0x00000000031273c0, 0x0000000003127458]
Event: 22.715 Thread 0x0000000019da7800 1127       4       org.gradle.internal.serialize.BaseSerializerFactory$EnumSerializer::read (6 bytes)
Event: 22.724 Thread 0x0000000019da7800 nmethod 1127 0x0000000003146490 code [0x0000000003146620, 0x0000000003146cb8]
Event: 22.724 Thread 0x0000000019da7800 1124   !   4       java.nio.charset.CharsetEncoder::encode (285 bytes)

GC Heap History (2 events):
Event: 22.679 GC heap before
{Heap before GC invocations=1 (full 0):
 PSYoungGen      total 56832K, used 49152K [0x0000000780b80000, 0x0000000784a80000, 0x00000007c0000000)
  eden space 49152K, 100% used [0x0000000780b80000,0x0000000783b80000,0x0000000783b80000)
  from space 7680K, 0% used [0x0000000784300000,0x0000000784300000,0x0000000784a80000)
  to   space 7680K, 0% used [0x0000000783b80000,0x0000000783b80000,0x0000000784300000)
 ParOldGen       total 130048K, used 0K [0x0000000702200000, 0x000000070a100000, 0x0000000780b80000)
  object space 130048K, 0% used [0x0000000702200000,0x0000000702200000,0x000000070a100000)
 Metaspace       used 10900K, capacity 11250K, committed 11648K, reserved 1058816K
  class space    used 1427K, capacity 1540K, committed 1664K, reserved 1048576K
Event: 22.695 GC heap after
Heap after GC invocations=1 (full 0):
 PSYoungGen      total 56832K, used 6357K [0x0000000780b80000, 0x0000000784a80000, 0x00000007c0000000)
  eden space 49152K, 0% used [0x0000000780b80000,0x0000000780b80000,0x0000000783b80000)
  from space 7680K, 82% used [0x0000000783b80000,0x00000007841b5738,0x0000000784300000)
  to   space 7680K, 0% used [0x0000000784300000,0x0000000784300000,0x0000000784a80000)
 ParOldGen       total 130048K, used 16K [0x0000000702200000, 0x000000070a100000, 0x0000000780b80000)
  object space 130048K, 0% used [0x0000000702200000,0x0000000702204000,0x000000070a100000)
 Metaspace       used 10900K, capacity 11250K, committed 11648K, reserved 1058816K
  class space    used 1427K, capacity 1540K, committed 1664K, reserved 1048576K
}

Deoptimization events (10 events):
Event: 0.699 Thread 0x0000000002c72800 Uncommon trap: reason=unstable_if action=reinterpret pc=0x0000000002f4b5c8 method=java.util.regex.Matcher.reset()Ljava/util/regex/Matcher; @ 47
Event: 0.699 Thread 0x0000000002c72800 Uncommon trap: reason=class_check action=maybe_recompile pc=0x0000000002f43eb0 method=java.util.regex.Matcher.match(II)Z @ 86
Event: 0.699 Thread 0x0000000002c72800 Uncommon trap: reason=class_check action=maybe_recompile pc=0x0000000002f43eb0 method=java.util.regex.Matcher.match(II)Z @ 86
Event: 0.701 Thread 0x0000000002c72800 Uncommon trap: reason=class_check action=maybe_recompile pc=0x0000000002f43eb0 method=java.util.regex.Matcher.match(II)Z @ 86
Event: 0.701 Thread 0x0000000002c72800 Uncommon trap: reason=class_check action=maybe_recompile pc=0x0000000002f43eb0 method=java.util.regex.Matcher.match(II)Z @ 86
Event: 0.823 Thread 0x0000000002c72800 Uncommon trap: reason=bimorphic action=maybe_recompile pc=0x0000000002fc2d30 method=java.util.HashMap.putVal(ILjava/lang/Object;Ljava/lang/Object;ZZ)Ljava/lang/Object; @ 91
Event: 0.977 Thread 0x0000000002c72800 Uncommon trap: reason=unstable_if action=reinterpret pc=0x0000000002ffc498 method=java.util.HashMap.getNode(ILjava/lang/Object;)Ljava/util/HashMap$Node; @ 129
Event: 1.213 Thread 0x0000000002c72800 Uncommon trap: reason=unstable_if action=reinterpret pc=0x0000000003062c84 method=java.io.WinNTFileSystem.normalize(Ljava/lang/String;II)Ljava/lang/String; @ 90
Event: 22.100 Thread 0x0000000002c72800 Uncommon trap: reason=unstable_if action=reinterpret pc=0x00000000030cefcc method=com.esotericsoftware.kryo.io.Input.require(I)I @ 65
Event: 22.101 Thread 0x0000000002c72800 Uncommon trap: reason=unstable_if action=reinterpret pc=0x00000000030d3ea4 method=com.esotericsoftware.kryo.io.Input.readUtf8(I)V @ 79

Classes redefined (0 events):
No events

Internal exceptions (10 events):
Event: 0.850 Thread 0x0000000002c72800 Exception <a 'java/lang/NoSuchMethodError': java.lang.Object.lambda$static$0(Lorg/gradle/internal/state/ModelObject;)Ljava/lang/String;> (0x00000007828eccd8) thrown at [C:\src\AOSP-openjdk-git\hotspot\src\share\vm\interpreter\linkResolver.cpp, line 620]
Event: 0.915 Thread 0x0000000002c72800 Exception <a 'java/lang/ArrayIndexOutOfBoundsException'> (0x0000000782d5ec80) thrown at [C:\src\AOSP-openjdk-git\hotspot\src\share\vm\runtime\sharedRuntime.cpp, line 605]
Event: 0.915 Thread 0x0000000002c72800 Exception <a 'java/lang/ArrayIndexOutOfBoundsException'> (0x0000000782d630f0) thrown at [C:\src\AOSP-openjdk-git\hotspot\src\share\vm\runtime\sharedRuntime.cpp, line 605]
Event: 0.922 Thread 0x0000000002c72800 Exception <a 'java/lang/ArrayIndexOutOfBoundsException'> (0x0000000782dd2e38) thrown at [C:\src\AOSP-openjdk-git\hotspot\src\share\vm\runtime\sharedRuntime.cpp, line 605]
Event: 0.923 Thread 0x0000000002c72800 Exception <a 'java/lang/ArrayIndexOutOfBoundsException'> (0x0000000782dd4088) thrown at [C:\src\AOSP-openjdk-git\hotspot\src\share\vm\runtime\sharedRuntime.cpp, line 605]
Event: 0.923 Thread 0x0000000002c72800 Exception <a 'java/lang/ArrayIndexOutOfBoundsException'> (0x0000000782dd5f78) thrown at [C:\src\AOSP-openjdk-git\hotspot\src\share\vm\runtime\sharedRuntime.cpp, line 605]
Event: 0.923 Thread 0x0000000002c72800 Exception <a 'java/lang/ArrayIndexOutOfBoundsException'> (0x0000000782dd8a00) thrown at [C:\src\AOSP-openjdk-git\hotspot\src\share\vm\runtime\sharedRuntime.cpp, line 605]
Event: 0.923 Thread 0x0000000002c72800 Exception <a 'java/lang/ArrayIndexOutOfBoundsException'> (0x0000000782dda580) thrown at [C:\src\AOSP-openjdk-git\hotspot\src\share\vm\runtime\sharedRuntime.cpp, line 605]
Event: 0.923 Thread 0x0000000002c72800 Exception <a 'java/lang/ArrayIndexOutOfBoundsException'> (0x0000000782ddb660) thrown at [C:\src\AOSP-openjdk-git\hotspot\src\share\vm\runtime\sharedRuntime.cpp, line 605]
Event: 0.924 Thread 0x0000000002c72800 Exception <a 'java/lang/ArrayIndexOutOfBoundsException'> (0x0000000782dded68) thrown at [C:\src\AOSP-openjdk-git\hotspot\src\share\vm\runtime\sharedRuntime.cpp, line 605]

Events (10 events):
Event: 22.101 Thread 0x0000000002c72800 DEOPT PACKING pc=0x00000000030d3ea4 sp=0x0000000002b9ccf0
Event: 22.101 Thread 0x0000000002c72800 DEOPT UNPACKING pc=0x0000000002db557b sp=0x0000000002b9cc60 mode 2
Event: 22.125 loading class org/gradle/internal/logging/text/AbstractLineChoppingStyledTextOutput$StateContext
Event: 22.125 loading class org/gradle/internal/logging/text/AbstractLineChoppingStyledTextOutput$StateContext done
Event: 22.367 Thread 0x000000001c4d4000 DEOPT PACKING pc=0x0000000003102e4a sp=0x000000001d6de6c0
Event: 22.367 Thread 0x000000001c4d4000 DEOPT UNPACKING pc=0x0000000002db75d0 sp=0x000000001d6de408 mode 0
Event: 22.372 Thread 0x000000001c4d4000 DEOPT PACKING pc=0x0000000003102e4a sp=0x000000001d6de6c0
Event: 22.372 Thread 0x000000001c4d4000 DEOPT UNPACKING pc=0x0000000002db75d0 sp=0x000000001d6de408 mode 0
Event: 22.679 Executing VM operation: ParallelGCFailedAllocation
Event: 22.695 Executing VM operation: ParallelGCFailedAllocation done


Dynamic libraries:
0x00007ff7b9f80000 - 0x00007ff7b9fb1000 	C:\Program Files\Android\Android Studio\jre\bin\java.exe
0x00007ffffe830000 - 0x00007ffffea27000 	C:\WINDOWS\SYSTEM32\ntdll.dll
0x00007ffffdf00000 - 0x00007ffffdfbd000 	C:\WINDOWS\System32\KERNEL32.DLL
0x00007ffffbfe0000 - 0x00007ffffc2ad000 	C:\WINDOWS\System32\KERNELBASE.dll
0x00007ffffc970000 - 0x00007ffffca1e000 	C:\WINDOWS\System32\ADVAPI32.dll
0x00007ffffe570000 - 0x00007ffffe60e000 	C:\WINDOWS\System32\msvcrt.dll
0x00007ffffd650000 - 0x00007ffffd6ec000 	C:\WINDOWS\System32\sechost.dll
0x00007ffffdfd0000 - 0x00007ffffe0f5000 	C:\WINDOWS\System32\RPCRT4.dll
0x00007ffffd780000 - 0x00007ffffd920000 	C:\WINDOWS\System32\USER32.dll
0x00007ffffc860000 - 0x00007ffffc882000 	C:\WINDOWS\System32\win32u.dll
0x00007ffffd4e0000 - 0x00007ffffd50a000 	C:\WINDOWS\System32\GDI32.dll
0x00007ffffc2b0000 - 0x00007ffffc3bb000 	C:\WINDOWS\System32\gdi32full.dll
0x00007ffffc7c0000 - 0x00007ffffc85d000 	C:\WINDOWS\System32\msvcp_win.dll
0x00007ffffc520000 - 0x00007ffffc620000 	C:\WINDOWS\System32\ucrtbase.dll
0x00007fffed0f0000 - 0x00007fffed38a000 	C:\WINDOWS\WinSxS\amd64_microsoft.windows.common-controls_6595b64144ccf1df_6.0.19041.1110_none_60b5254171f9507e\COMCTL32.dll
0x00007ffffd320000 - 0x00007ffffd350000 	C:\WINDOWS\System32\IMM32.DLL
0x00000000632a0000 - 0x0000000063372000 	C:\Program Files\Android\Android Studio\jre\jre\bin\msvcr100.dll
0x0000000063380000 - 0x0000000063bcb000 	C:\Program Files\Android\Android Studio\jre\jre\bin\server\jvm.dll
0x00007ffffdfc0000 - 0x00007ffffdfc8000 	C:\WINDOWS\System32\PSAPI.DLL
0x00007ffffa6d0000 - 0x00007ffffa6d9000 	C:\WINDOWS\SYSTEM32\WSOCK32.dll
0x00007fffeb700000 - 0x00007fffeb727000 	C:\WINDOWS\SYSTEM32\WINMM.dll
0x00007ffffe610000 - 0x00007ffffe67b000 	C:\WINDOWS\System32\WS2_32.dll
0x00007ffff6850000 - 0x00007ffff685a000 	C:\WINDOWS\SYSTEM32\VERSION.dll
0x00007ffff6a40000 - 0x00007ffff6a4f000 	C:\Program Files\Android\Android Studio\jre\jre\bin\verify.dll
0x00007ffff15c0000 - 0x00007ffff15e9000 	C:\Program Files\Android\Android Studio\jre\jre\bin\java.dll
0x00007ffff1b10000 - 0x00007ffff1b26000 	C:\Program Files\Android\Android Studio\jre\jre\bin\zip.dll
0x00007ffffcb50000 - 0x00007ffffd294000 	C:\WINDOWS\System32\SHELL32.dll
0x00007ffff9f00000 - 0x00007ffffa694000 	C:\WINDOWS\SYSTEM32\windows.storage.dll
0x00007ffffd930000 - 0x00007ffffdc84000 	C:\WINDOWS\System32\combase.dll
0x00007ffffb8e0000 - 0x00007ffffb90c000 	C:\WINDOWS\SYSTEM32\Wldp.dll
0x00007ffffd350000 - 0x00007ffffd3fd000 	C:\WINDOWS\System32\SHCORE.dll
0x00007ffffdc90000 - 0x00007ffffdce5000 	C:\WINDOWS\System32\shlwapi.dll
0x00007ffffbe90000 - 0x00007ffffbeaf000 	C:\WINDOWS\SYSTEM32\profapi.dll
0x00007ffff17f0000 - 0x00007ffff180a000 	C:\Program Files\Android\Android Studio\jre\jre\bin\net.dll
0x00007ffffb640000 - 0x00007ffffb6aa000 	C:\WINDOWS\system32\mswsock.dll
0x00007ffff16b0000 - 0x00007ffff16c3000 	C:\Program Files\Android\Android Studio\jre\jre\bin\nio.dll
0x00007fffed5a0000 - 0x00007fffed5c6000 	C:\Users\starter\.gradle\native\fdc75f09e3144964f2cf3f50f0aa648679c211496f362492102eb8c894070792\windows-amd64\native-platform.dll
0x00007fffcdda0000 - 0x00007fffcdf31000 	C:\Users\starter\.gradle\native\12488b8bf47d2d4c9fbf2f6322a914ad602e24e48041cd04a747c6da556b65c4\windows-amd64\native-platform-file-events.dll
0x00007ffff6830000 - 0x00007ffff683d000 	C:\Program Files\Android\Android Studio\jre\jre\bin\management.dll
0x00007ffffb840000 - 0x00007ffffb858000 	C:\WINDOWS\SYSTEM32\CRYPTSP.dll
0x00007ffffafc0000 - 0x00007ffffaff4000 	C:\WINDOWS\system32\rsaenh.dll
0x00007ffffc620000 - 0x00007ffffc647000 	C:\WINDOWS\System32\bcrypt.dll
0x00007ffffbe10000 - 0x00007ffffbe3e000 	C:\WINDOWS\SYSTEM32\USERENV.dll
0x00007ffffbf50000 - 0x00007ffffbfd2000 	C:\WINDOWS\System32\bcryptprimitives.dll
0x00007ffffb830000 - 0x00007ffffb83c000 	C:\WINDOWS\SYSTEM32\CRYPTBASE.dll
0x00007ffffb330000 - 0x00007ffffb36b000 	C:\WINDOWS\SYSTEM32\IPHLPAPI.DLL
0x00007ffffc890000 - 0x00007ffffc898000 	C:\WINDOWS\System32\NSI.dll
0x00007ffff67d0000 - 0x00007ffff67e7000 	C:\WINDOWS\SYSTEM32\dhcpcsvc6.DLL
0x00007ffff58f0000 - 0x00007ffff590d000 	C:\WINDOWS\SYSTEM32\dhcpcsvc.DLL
0x00007ffffb370000 - 0x00007ffffb43b000 	C:\WINDOWS\SYSTEM32\DNSAPI.dll
0x00007ffff5aa0000 - 0x00007ffff5aab000 	C:\WINDOWS\SYSTEM32\WINNSI.DLL

VM Arguments:
jvm_args: -Dorg.gradle.appname=gradlew 
java_command: org.gradle.wrapper.GradleWrapperMain -q -Ptarget-platform=android-arm64 -Ptarget=D:\android\projects\flutter_test_app\lib\main.dart -Pbase-application-name=android.app.Application -Pdart-defines=Zmx1dHRlci5pbnNwZWN0b3Iuc3RydWN0dXJlZEVycm9ycz10cnVl,RkxVVFRFUl9XRUJfQVVUT19ERVRFQ1Q9dHJ1ZQ== -Pdart-obfuscation=false -Ptrack-widget-creation=true -Ptree-shake-icons=false -Pfilesystem-scheme=org-dartlang-root assembleDebug
java_class_path (initial): D:\android\projects\flutter_test_app\android\\gradle\wrapper\gradle-wrapper.jar
Launcher Type: SUN_STANDARD

Environment Variables:
JAVA_HOME=C:\Program Files\Android\Android Studio\jre
CLASSPATH=D:\android\projects\flutter_test_app\android\\gradle\wrapper\gradle-wrapper.jar
PATH=C:\Program Files (x86)\Common Files\Oracle\Java\javapath;C:\WINDOWS\system32;C:\WINDOWS;C:\WINDOWS\System32\Wbem;C:\WINDOWS\System32\WindowsPowerShell\v1.0\;C:\WINDOWS\System32\OpenSSH\;C:\src\Git\cmd;C:\src\flutter\bin;C:\src\flutter\.pub-cache\bin;C:\Users\starter\AppData\Local\Microsoft\WindowsApps;C:\src\flutter\bin;C:\Users\starter\AppData\Local\Programs\Microsoft VS Code\bin;C:\Users\starter\AppData\Local\GitHubDesktop\bin;c:\Program Files\Java\jdk1.8.0_331\bin;;C:\src\flutter\bin\mingit\cmd
USERNAME=starter
OS=Windows_NT
PROCESSOR_IDENTIFIER=Intel64 Family 6 Model 78 Stepping 3, GenuineIntel



---------------  S Y S T E M  ---------------

OS: Windows 10.0 , 64 bit Build 19041 (10.0.19041.1741)

CPU:total 4 (initial active 4) (2 cores per cpu, 2 threads per core) family 6 model 78 stepping 3, cmov, cx8, fxsr, mmx, sse, sse2, sse3, ssse3, sse4.1, sse4.2, popcnt, avx, avx2, aes, clmul, erms, 3dnowpref, lzcnt, ht, tsc, tscinvbit, bmi1, bmi2, adx

Memory: 4k page, physical 12440916k(1395292k free), swap 21319764k(5728k free)

vm_info: OpenJDK 64-Bit Server VM (25.242-b01) for windows-amd64 JRE (1.8.0_242-release-1644-b01), built by "builder" with MS VC++ 10.0 (VS2010)

time: Mon Jun 20 20:22:13 2022
timezone: Финляндия (лето)
elapsed time: 22 seconds (0d 0h 0m 22s)

